FILE_TYPE=LIBRARY_PARTS;
PRIMITIVE 'KTR10EZPF1003','KTR10EZPF1003_Resistor Chip';
  PIN
    '1':
      PIN_NUMBER='(1)';
      NO_LOAD_CHECK=BOTH;
      NO_IO_CHECK=BOTH;
      ALLOW_CONNECT=TRUE;
      PINUSE='UNSPEC';
    '2':
      PIN_NUMBER='(2)';
      NO_LOAD_CHECK=BOTH;
      NO_IO_CHECK=BOTH;
      ALLOW_CONNECT=TRUE;
      PINUSE='UNSPEC';
  END_PIN;
  BODY
    PART_NAME='KTR10EZPF1003';
    PHYS_DES_PREFIX='R';
    NO_LOAD_CHECK='TRUE';
    PIN_COUNT='2';
    BODY_NAME='KTR10EZPF1003';
    JEDEC_TYPE='RESC2012X65N';
  END_BODY;
END_PRIMITIVE;
END.
