FILE_TYPE=LIBRARY_PARTS;
PRIMITIVE 'GRM31CC71E226ME15L','GRM31CC71E226ME15L_Capacitor Chip Non-polarised';
  PIN
    '1':
      PIN_NUMBER='(1)';
      NO_LOAD_CHECK=BOTH;
      NO_IO_CHECK=BOTH;
      ALLOW_CONNECT=TRUE;
      PINUSE='UNSPEC';
    '2':
      PIN_NUMBER='(2)';
      NO_LOAD_CHECK=BOTH;
      NO_IO_CHECK=BOTH;
      ALLOW_CONNECT=TRUE;
      PINUSE='UNSPEC';
  END_PIN;
  BODY
    PART_NAME='GRM31CC71E226ME15L';
    PHYS_DES_PREFIX='C';
    NO_LOAD_CHECK='TRUE';
    PIN_COUNT='2';
    BODY_NAME='GRM31CC71E226ME15L';
    JEDEC_TYPE='CAPC3216X180N';
  END_BODY;
END_PRIMITIVE;
END.
