FILE_TYPE=LIBRARY_PARTS;
PRIMITIVE 'CKC21C104KDGLC7805','CKC21C104KDGLC7805_Capacitor Chip Non-polarised';
  PIN
    '1':
      PIN_NUMBER='(1)';
      NO_LOAD_CHECK=BOTH;
      NO_IO_CHECK=BOTH;
      ALLOW_CONNECT=TRUE;
      PINUSE='UNSPEC';
    '2':
      PIN_NUMBER='(2)';
      NO_LOAD_CHECK=BOTH;
      NO_IO_CHECK=BOTH;
      ALLOW_CONNECT=TRUE;
      PINUSE='UNSPEC';
  END_PIN;
  BODY
    PART_NAME='CKC21C104KDGLC7805';
    PHYS_DES_PREFIX='C';
    NO_LOAD_CHECK='TRUE';
    PIN_COUNT='2';
    BODY_NAME='CKC21C104KDGLC7805';
    JEDEC_TYPE='CAPC5777X540N';
  END_BODY;
END_PRIMITIVE;
END.
