FILE_TYPE=LIBRARY_PARTS;
PRIMITIVE 'RN73C2A30K1BTDF','RN73C2A30K1BTDF_Resistor Chip';
  PIN
    '1':
      PIN_NUMBER='(1)';
      NO_LOAD_CHECK=BOTH;
      NO_IO_CHECK=BOTH;
      ALLOW_CONNECT=TRUE;
      PINUSE='UNSPEC';
    '2':
      PIN_NUMBER='(2)';
      NO_LOAD_CHECK=BOTH;
      NO_IO_CHECK=BOTH;
      ALLOW_CONNECT=TRUE;
      PINUSE='UNSPEC';
  END_PIN;
  BODY
    PART_NAME='RN73C2A30K1BTDF';
    PHYS_DES_PREFIX='R';
    NO_LOAD_CHECK='TRUE';
    PIN_COUNT='2';
    BODY_NAME='RN73C2A30K1BTDF';
    JEDEC_TYPE='RESC2012X65N';
  END_BODY;
END_PRIMITIVE;
END.
